<?xml version="1.0" encoding="UTF-8"?>
<testng-results ignored="0" total="1" passed="1" failed="0" skipped="0">
  <reporter-output>
  </reporter-output>
  <suite started-at="2024-01-03T23:34:03 IST" name="Default suite" finished-at="2024-01-03T23:34:06 IST" duration-ms="2889">
    <groups>
    </groups>
    <test started-at="2024-01-03T23:34:03 IST" name="Default test" finished-at="2024-01-03T23:34:06 IST" duration-ms="2889">
      <class name="restassured_handson.C">
        <test-method signature="C_get()[pri:0, instance:restassured_handson.C@470f1802]" started-at="2024-01-03T23:34:03 IST" name="C_get" finished-at="2024-01-03T23:34:06 IST" duration-ms="2813" status="PASS">
          <reporter-output>
          </reporter-output>
        </test-method> <!-- C_get -->
      </class> <!-- restassured_handson.C -->
    </test> <!-- Default test -->
  </suite> <!-- Default suite -->
</testng-results>
