<?xml version="1.0" encoding="UTF-8"?>
<testng-results ignored="0" total="5" passed="5" failed="0" skipped="0">
  <reporter-output>
  </reporter-output>
  <suite started-at="2024-08-06T00:15:19 IST" name="Suite1" finished-at="2024-08-06T00:17:05 IST" duration-ms="106067">
    <groups>
    </groups>
    <test started-at="2024-08-06T00:15:19 IST" name="test1" finished-at="2024-08-06T00:17:05 IST" duration-ms="106067">
      <class name="tests.test1">
        <test-method is-config="true" signature="start()[pri:0, instance:tests.test1@6adbc9d]" started-at="2024-08-06T00:15:12 IST" name="start" finished-at="2024-08-06T00:15:19 IST" duration-ms="6915" status="PASS">
          <reporter-output>
          </reporter-output>
        </test-method> <!-- start -->
        <test-method signature="login(java.lang.String,java.lang.String,java.lang.String,java.lang.String)[pri:0, instance:tests.test1@6adbc9d]" started-at="2024-08-06T00:15:20 IST" name="login" data-provider="dataset" finished-at="2024-08-06T00:15:30 IST" duration-ms="10552" status="PASS">
          <params>
            <param index="0">
              <value>
                <![CDATA[ace]]>
              </value>
            </param>
            <param index="1">
              <value>
                <![CDATA[firefist]]>
              </value>
            </param>
            <param index="2">
              <value>
                <![CDATA[mugiwara@gmail.com]]>
              </value>
            </param>
            <param index="3">
              <value>
                <![CDATA[luffy123@@##]]>
              </value>
            </param>
          </params>
          <reporter-output>
          </reporter-output>
        </test-method> <!-- login -->
        <test-method signature="addingDress()[pri:1, instance:tests.test1@6adbc9d]" started-at="2024-08-06T00:15:30 IST" name="addingDress" finished-at="2024-08-06T00:15:56 IST" depends-on-methods="tests.test1.login" duration-ms="25265" status="PASS">
          <reporter-output>
          </reporter-output>
        </test-method> <!-- addingDress -->
        <test-method signature="addbottle()[pri:2, instance:tests.test1@6adbc9d]" started-at="2024-08-06T00:15:56 IST" name="addbottle" finished-at="2024-08-06T00:16:47 IST" depends-on-methods="tests.test1.addingDress" duration-ms="51148" status="PASS">
          <reporter-output>
          </reporter-output>
        </test-method> <!-- addbottle -->
        <test-method signature="checkoutpagetest(java.lang.String,java.lang.String,java.lang.String,java.lang.String,java.lang.String,java.lang.String,java.lang.String)[pri:3, instance:tests.test1@6adbc9d]" started-at="2024-08-06T00:16:47 IST" name="checkoutpagetest" data-provider="dataset1" finished-at="2024-08-06T00:16:58 IST" depends-on-methods="tests.test1.addbottle" duration-ms="10932" status="PASS">
          <params>
            <param index="0">
              <value>
                <![CDATA[2/28, ground]]>
              </value>
            </param>
            <param index="1">
              <value>
                <![CDATA[India]]>
              </value>
            </param>
            <param index="2">
              <value>
                <![CDATA[Tamil Nadu]]>
              </value>
            </param>
            <param index="3">
              <value>
                <![CDATA[Kanpur]]>
              </value>
            </param>
            <param index="4">
              <value>
                <![CDATA[123123]]>
              </value>
            </param>
            <param index="5">
              <value>
                <![CDATA[8989121212]]>
              </value>
            </param>
            <param index="6">
              <value>
                <![CDATA[TEES20]]>
              </value>
            </param>
          </params>
          <reporter-output>
          </reporter-output>
        </test-method> <!-- checkoutpagetest -->
        <test-method signature="ValidateOrder()[pri:4, instance:tests.test1@6adbc9d]" started-at="2024-08-06T00:16:58 IST" name="ValidateOrder" finished-at="2024-08-06T00:17:05 IST" depends-on-methods="tests.test1.checkoutpagetest" duration-ms="7278" status="PASS">
          <reporter-output>
          </reporter-output>
        </test-method> <!-- ValidateOrder -->
      </class> <!-- tests.test1 -->
    </test> <!-- test1 -->
  </suite> <!-- Suite1 -->
</testng-results>
