<?xml version="1.0" encoding="UTF-8"?>
<!-- Generated by org.testng.reporters.JUnitXMLReporter -->
<testsuite ignored="0" hostname="Kesav-HP-EliteBook" failures="0" tests="5" name="test1" time="106.067" errors="0" timestamp="2024-08-06T00:17:05 IST">
  <testcase classname="tests.test1" name="login" time="10.552"/>
  <testcase classname="tests.test1" name="addingDress" time="25.265"/>
  <testcase classname="tests.test1" name="addbottle" time="51.148"/>
  <testcase classname="tests.test1" name="checkoutpagetest" time="10.932"/>
  <testcase classname="tests.test1" name="ValidateOrder" time="7.278"/>
</testsuite> <!-- test1 -->
