<?xml version="1.0" encoding="UTF-8"?>
<!-- Generated by org.testng.reporters.JUnitXMLReporter -->
<testsuite ignored="0" hostname="Kesav-HP-EliteBook" failures="0" tests="5" name="Default test" time="49.323" errors="0" timestamp="2024-08-06T00:11:10 IST">
  <testcase classname="tests.test1" name="login" time="4.079"/>
  <testcase classname="tests.test1" name="addingDress" time="16.867"/>
  <testcase classname="tests.test1" name="addbottle" time="6.79"/>
  <testcase classname="tests.test1" name="checkoutpagetest" time="13.534"/>
  <testcase classname="tests.test1" name="ValidateOrder" time="7.185"/>
</testsuite> <!-- Default test -->
